<?xml version="1.0" encoding="UTF-8"?>
<!-- Generated by org.testng.reporters.JUnitReportReporter -->
<testsuite hostname="DESKTOP-3PLE3V9" failures="0" tests="2" name="runner.Fb_run" time="24.555" errors="0" timestamp="2023-07-13T18:57:46 IST" skipped="0">
  <testcase classname="runner.Fb_run" name="test" time="8.487"/>
  <testcase classname="runner.Fb_run" name="test" time="16.068"/>
</testsuite> <!-- runner.Fb_run -->
